0 info it worked if it ends with ok
1 verbose cli [ 'node', '/usr/local/bin/npm', 'publish' ]
2 info using npm@2.8.3
3 info using node@v0.10.32
4 verbose publish [ '.' ]
5 silly cache add args [ '.', null ]
6 verbose cache add spec .
7 silly cache add parsed spec { raw: '.',
7 silly cache add   scope: null,
7 silly cache add   name: null,
7 silly cache add   rawSpec: '.',
7 silly cache add   spec: '/Users/mobinni/Documents/Personal/Personal projects/MaterialDatePicker/ MaterialDatePicker/example',
7 silly cache add   type: 'local' }
8 error addLocal Could not install /Users/mobinni/Documents/Personal/Personal projects/MaterialDatePicker/ MaterialDatePicker/example
9 verbose stack Error: EISDIR, read
10 verbose cwd /Users/mobinni/Documents/Personal/Personal projects/MaterialDatePicker/ MaterialDatePicker/example
11 error Darwin 14.3.0
12 error argv "node" "/usr/local/bin/npm" "publish"
13 error node v0.10.32
14 error npm  v2.8.3
15 error code EISDIR
16 error errno 28
17 error EISDIR, read
18 error If you need help, you may report this error at:
18 error     <https://github.com/npm/npm/issues>
19 verbose exit [ 28, true ]
