0 info it worked if it ends with ok
1 verbose cli [ 'node', '/usr/local/bin/npm', 'publish' ]
2 info using npm@1.4.28
3 info using node@v0.10.32
4 verbose publish [ '.' ]
5 verbose cache add [ '.', null ]
6 verbose cache add name=undefined spec="." args=[".",null]
7 verbose parsed url { protocol: null,
7 verbose parsed url   slashes: null,
7 verbose parsed url   auth: null,
7 verbose parsed url   host: null,
7 verbose parsed url   port: null,
7 verbose parsed url   hostname: null,
7 verbose parsed url   hash: null,
7 verbose parsed url   search: null,
7 verbose parsed url   query: null,
7 verbose parsed url   pathname: '.',
7 verbose parsed url   path: '.',
7 verbose parsed url   href: '.' }
8 silly lockFile 3a52ce78- .
9 verbose lock . /Users/mobinni/.npm/3a52ce78-.lock
10 verbose tar pack [ '/Users/mobinni/.npm/material-date-picker/1.0.1/package.tgz',
10 verbose tar pack   '.' ]
11 verbose tarball /Users/mobinni/.npm/material-date-picker/1.0.1/package.tgz
12 verbose folder .
13 info prepublish material-date-picker@1.0.1
14 silly lockFile 1f1177db-tar tar://.
15 verbose lock tar://. /Users/mobinni/.npm/1f1177db-tar.lock
16 silly lockFile df476112-al-date-picker-1-0-1-package-tgz tar:///Users/mobinni/.npm/material-date-picker/1.0.1/package.tgz
17 verbose lock tar:///Users/mobinni/.npm/material-date-picker/1.0.1/package.tgz /Users/mobinni/.npm/df476112-al-date-picker-1-0-1-package-tgz.lock
18 silly lockFile 1f1177db-tar tar://.
19 silly lockFile 1f1177db-tar tar://.
20 silly lockFile df476112-al-date-picker-1-0-1-package-tgz tar:///Users/mobinni/.npm/material-date-picker/1.0.1/package.tgz
21 silly lockFile df476112-al-date-picker-1-0-1-package-tgz tar:///Users/mobinni/.npm/material-date-picker/1.0.1/package.tgz
22 silly lockFile f9814d15-terial-date-picker-1-0-1-package /Users/mobinni/.npm/material-date-picker/1.0.1/package
23 verbose lock /Users/mobinni/.npm/material-date-picker/1.0.1/package /Users/mobinni/.npm/f9814d15-terial-date-picker-1-0-1-package.lock
24 silly lockFile f9814d15-terial-date-picker-1-0-1-package /Users/mobinni/.npm/material-date-picker/1.0.1/package
25 silly lockFile f9814d15-terial-date-picker-1-0-1-package /Users/mobinni/.npm/material-date-picker/1.0.1/package
26 silly lockFile 3a52ce78- .
27 silly lockFile 3a52ce78- .
28 silly publish { name: 'material-date-picker',
28 silly publish   version: '1.0.1',
28 silly publish   dependencies: { moment: '~2.9.0' },
28 silly publish   devDependencies: {},
28 silly publish   engines: {},
28 silly publish   scripts: {},
28 silly publish   description: '![Alt text](http://i.imgur.com/zAlNOIe.png)',
28 silly publish   main: 'build/mbdatepicker.js',
28 silly publish   directories: { example: 'example' },
28 silly publish   repository:
28 silly publish    { type: 'git',
28 silly publish      url: 'https://github.com/mobinni/material-date-picker.git' },
28 silly publish   keywords: [ 'material', 'date', 'picker', 'materialdatepicker' ],
28 silly publish   author: { name: 'Mo Binni' },
28 silly publish   license: 'MIT',
28 silly publish   bugs: { url: 'https://github.com/mobinni/material-date-picker/issues' },
28 silly publish   homepage: 'https://github.com/mobinni/material-date-picker',
28 silly publish   readme: '## Angular material datepicker\n![Alt text](http://i.imgur.com/zAlNOIe.png)\n\n\nThis small component is still in production it\'s a simple date picker based on the angular-material port of polymer by the people behind ionic\n\nhttps://material.angularjs.org/\n\n##Install\nThis component is bower registered \n```css\nbower install material-date-picker\n```\nAll the necessary files will be automatically included in your index.html if not add\n```css\n    <link rel="stylesheet" href="bower_components/material-date-picker/build/styles/mbdatepicker.css/>\n    \n    \n    <script src="bower_components/material-date-picker/build/mbdatepicker.js"></script>\n```\n\n##Usage\n###Attributes\n```html\n\n<mb-datepicker element-id=\'date1\'\n               date-message=""\n               text-color="#EFEF23"\n               line-color="#DDFE66"\n               date="date"\n               date-format="YYYY-MM-DD"></mb-datepicker>\n```\n\nWith the following attributes you can adjust the text color or border color of the input without lifting a css finger\nHowever if you want to adjust the datepicker inner-colors, as for now you have to override those in css.\n\n\n##Known issues\nIf you can\'t find the SVG images, look in the images map of the bower component and copy these to your own images map. I left this as an open option.\n##Notes\nThe datepicker has changed enormously since the last commit, thinking no one used it I did not update the documents so here\'s an update\n\nIf you have an improvement or request please let me know or post a pull request\n',
28 silly publish   readmeFilename: 'README.md',
28 silly publish   gitHead: '5789073bdf642b4c51fdcd3eec41c837727d3aae',
28 silly publish   _id: 'material-date-picker@1.0.1',
28 silly publish   _shasum: 'd693f961d739bde7b91c1e3df61256ebca2df3f7',
28 silly publish   _from: '.' }
29 verbose request where is /material-date-picker
30 verbose request registry https://registry.npmjs.org/
31 verbose request id 288465d90be9b547
32 verbose url raw /material-date-picker
33 verbose url resolving [ 'https://registry.npmjs.org/', './material-date-picker' ]
34 verbose url resolved https://registry.npmjs.org/material-date-picker
35 verbose request where is https://registry.npmjs.org/material-date-picker
36 info trying registry request attempt 1 at 11:46:25
37 http PUT https://registry.npmjs.org/material-date-picker
38 http 403 https://registry.npmjs.org/material-date-picker
39 verbose headers { date: 'Wed, 22 Apr 2015 09:46:26 GMT',
39 verbose headers   server: 'Apache',
39 verbose headers   'content-type': 'application/json',
39 verbose headers   'cache-control': 'max-age=60',
39 verbose headers   'content-length': '95',
39 verbose headers   'accept-ranges': 'bytes',
39 verbose headers   via: '1.1 varnish',
39 verbose headers   'x-served-by': 'cache-fra1234-FRA',
39 verbose headers   'x-cache': 'MISS',
39 verbose headers   'x-cache-hits': '0',
39 verbose headers   'x-timer': 'S1429695985.006403,VS0,VE1413',
39 verbose headers   'keep-alive': 'timeout=10, max=50',
39 verbose headers   connection: 'Keep-Alive' }
40 error publish Failed PUT 403
41 error Error: "You cannot publish over the previously published version 1.0.1." : material-date-picker
41 error     at RegClient.<anonymous> (/usr/local/lib/node_modules/npm/node_modules/npm-registry-client/lib/request.js:308:14)
41 error     at Request._callback (/usr/local/lib/node_modules/npm/node_modules/npm-registry-client/lib/request.js:246:65)
41 error     at Request.self.callback (/usr/local/lib/node_modules/npm/node_modules/request/request.js:236:22)
41 error     at Request.emit (events.js:98:17)
41 error     at Request.<anonymous> (/usr/local/lib/node_modules/npm/node_modules/request/request.js:1142:14)
41 error     at Request.emit (events.js:117:20)
41 error     at IncomingMessage.<anonymous> (/usr/local/lib/node_modules/npm/node_modules/request/request.js:1096:12)
41 error     at IncomingMessage.emit (events.js:117:20)
41 error     at _stream_readable.js:943:16
41 error     at process._tickCallback (node.js:419:13)
42 error If you need help, you may report this *entire* log,
42 error including the npm and node versions, at:
42 error     <http://github.com/npm/npm/issues>
43 error System Darwin 14.3.0
44 error command "node" "/usr/local/bin/npm" "publish"
45 error cwd /Users/mobinni/Documents/Personal/Personal projects/MaterialDatePicker/ MaterialDatePicker
46 error node -v v0.10.32
47 error npm -v 1.4.28
48 verbose exit [ 1, true ]
